<html>
<head>
<title>TestNG:  Test3</title>
<link href="../testng.css" rel="stylesheet" type="text/css" />
<link href="../my-testng.css" rel="stylesheet" type="text/css" />

<style type="text/css">
.log { display: none;} 
.stack-trace { display: none;} 
</style>
<script type="text/javascript">
<!--
function flip(e) {
  current = e.style.display;
  if (current == 'block') {
    e.style.display = 'none';
    return 0;
  }
  else {
    e.style.display = 'block';
    return 1;
  }
}

function toggleBox(szDivId, elem, msg1, msg2)
{
  var res = -1;  if (document.getElementById) {
    res = flip(document.getElementById(szDivId));
  }
  else if (document.all) {
    // this is the way old msie versions work
    res = flip(document.all[szDivId]);
  }
  if(elem) {
    if(res == 0) elem.innerHTML = msg1; else elem.innerHTML = msg2;
  }

}

function toggleAllBoxes() {
  if (document.getElementsByTagName) {
    d = document.getElementsByTagName('div');
    for (i = 0; i < d.length; i++) {
      if (d[i].className == 'log') {
        flip(d[i]);
      }
    }
  }
}

// -->
</script>

</head>
<body>
<h2 align='center'>Test3</h2><table border='1' align="center">
<tr>
<td>Tests passed/Failed/Skipped:</td><td>0/0/1</td>
</tr><tr>
<td>Started on:</td><td>Sun Aug 15 23:19:01 IST 2021</td>
</tr>
<tr><td>Total time:</td><td>15 seconds (15282 ms)</td>
</tr><tr>
<td>Included groups:</td><td></td>
</tr><tr>
<td>Excluded groups:</td><td></td>
</tr>
</table><p/>
<small><i>(Hover the method name to see the test class name)</i></small><p/>
<table width='100%' border='1' class='invocation-failed'>
<tr><td colspan='4' align='center'><b>FAILED CONFIGURATIONS</b></td></tr>
<tr><td><b>Test method</b></td>
<td width="30%"><b>Exception</b></td>
<td width="10%"><b>Time (seconds)</b></td>
<td><b>Instance</b></td>
</tr>
<tr>
<td title='com.qa.TestNGScripts.CrossBrowserTest.OpenBrowser()'><b>OpenBrowser</b><br>Test class: com.qa.TestNGScripts.CrossBrowserTest<br>Parameters: Edge, https://www.wikipedia.org/</td>
<td><div><pre>org.openqa.selenium.SessionNotCreatedException: session not created: This version of MSEdgeDriver only supports MSEdge version 94
Current browser version is 92.0.902.73 with binary path C:\Program Files (x86)\Microsoft\Edge\Application\msedge.exe
Build info: version: &apos;3.141.59&apos;, revision: &apos;e82be7d358&apos;, time: &apos;2018-11-14T08:17:03&apos;
System info: host: &apos;LAPTOP-N0G0NBDP&apos;, ip: &apos;192.168.1.2&apos;, os.name: &apos;Windows 10&apos;, os.arch: &apos;x86&apos;, os.version: &apos;10.0&apos;, java.version: &apos;1.8.0_191&apos;
Driver info: driver.version: EdgeDriver
remote stacktrace: Backtrace:
	Microsoft::Applications::Events::EventProperty::EventProperty [0x00007FF7DD168BE2+38674]
	Microsoft::Applications::Events::GUID_t::GUID_t [0x00007FF7DCDAEED3+937379]
	Microsoft::Applications::Events::GUID_t::GUID_t [0x00007FF7DCDD91A7+1110135]
	Microsoft::Applications::Events::GUID_t::GUID_t [0x00007FF7DCDD58FE+1095630]
	Microsoft::Applications::Events::GUID_t::GUID_t [0x00007FF7DCDCED46+1068054]
	Microsoft::Applications::Events::GUID_t::GUID_t [0x00007FF7DCE09F31+1310209]
	Microsoft::Applications::Events::GUID_t::GUID_t [0x00007FF7DCE0521F+1290479]
	Microsoft::Applications::Events::GUID_t::GUID_t [0x00007FF7DCDDAFCF+1117855]
	Microsoft::Applications::Events::GUID_t::GUID_t [0x00007FF7DCDDC0CF+1122207]
	Ordinal0 [0x00007FF7DCBF6641+91713]
	Microsoft::Applications::Events::GUID_t::GUID_t [0x00007FF7DCEA7536+1954822]
	Microsoft::Applications::Events::EventProperty::EventProperty [0x00007FF7DD075A49+4121]
	Microsoft::Applications::Events::GUID_t::GUID_t [0x00007FF7DCEA90B9+1961865]
	Microsoft::Applications::Events::EventProperty::EventProperty [0x00007FF7DD145468+50728]
	Microsoft::Applications::Events::EventProperty::EventProperty [0x00007FF7DD144FE4+49572]
	Microsoft::Applications::Events::EventProperty::EventProperty [0x00007FF7DD144E36+49142]
	Microsoft::Applications::Events::DebugEventDispatcher::operator= [0x00007FF7DD11371C+6348]
	BaseThreadInitThunk [0x00007FFD6B3D7034+20]
	RtlUserThreadStart [0x00007FFD6C2E2651+33]

	at org.openqa.selenium.remote.W3CHandshakeResponse.lambda$errorHandler$0(W3CHandshakeResponse.java:62)
	at org.openqa.selenium.remote.HandshakeResponse.lambda$getResponseFunction$0(HandshakeResponse.java:30)
	at org.openqa.selenium.remote.ProtocolHandshake.lambda$createSession$0(ProtocolHandshake.java:126)
	at java.util.stream.ReferencePipeline$3$1.accept(Unknown Source)
	at java.util.Spliterators$ArraySpliterator.tryAdvance(Unknown Source)
	at java.util.stream.ReferencePipeline.forEachWithCancel(Unknown Source)
	at java.util.stream.AbstractPipeline.copyIntoWithCancel(Unknown Source)
	at java.util.stream.AbstractPipeline.copyInto(Unknown Source)
	at java.util.stream.AbstractPipeline.wrapAndCopyInto(Unknown Source)
	at java.util.stream.FindOps$FindOp.evaluateSequential(Unknown Source)
	at java.util.stream.AbstractPipeline.evaluate(Unknown Source)
	at java.util.stream.ReferencePipeline.findFirst(Unknown Source)
	at org.openqa.selenium.remote.ProtocolHandshake.createSession(ProtocolHandshake.java:128)
	at org.openqa.selenium.remote.ProtocolHandshake.createSession(ProtocolHandshake.java:74)
	at org.openqa.selenium.remote.HttpCommandExecutor.execute(HttpCommandExecutor.java:136)
	at org.openqa.selenium.remote.service.DriverCommandExecutor.execute(DriverCommandExecutor.java:83)
	at org.openqa.selenium.remote.RemoteWebDriver.execute(RemoteWebDriver.java:552)
	at org.openqa.selenium.remote.RemoteWebDriver.startSession(RemoteWebDriver.java:213)
	at org.openqa.selenium.remote.RemoteWebDriver.&lt;init&gt;(RemoteWebDriver.java:131)
	at org.openqa.selenium.edge.EdgeDriver.&lt;init&gt;(EdgeDriver.java:141)
	at org.openqa.selenium.edge.EdgeDriver.&lt;init&gt;(EdgeDriver.java:96)
	at com.qa.TestNGScripts.CrossBrowserTest.OpenBrowser(CrossBrowserTest.java:37)
... Removed 30 stack frames</pre></div><a href='#' onClick='toggleBox("stack-trace14898928", this, "Click to show all stack frames", "Click to hide stack frames")'>Click to show all stack frames</a>
<div class='stack-trace' id='stack-trace14898928'><pre>org.openqa.selenium.SessionNotCreatedException: session not created: This version of MSEdgeDriver only supports MSEdge version 94
Current browser version is 92.0.902.73 with binary path C:\Program Files (x86)\Microsoft\Edge\Application\msedge.exe
Build info: version: &apos;3.141.59&apos;, revision: &apos;e82be7d358&apos;, time: &apos;2018-11-14T08:17:03&apos;
System info: host: &apos;LAPTOP-N0G0NBDP&apos;, ip: &apos;192.168.1.2&apos;, os.name: &apos;Windows 10&apos;, os.arch: &apos;x86&apos;, os.version: &apos;10.0&apos;, java.version: &apos;1.8.0_191&apos;
Driver info: driver.version: EdgeDriver
remote stacktrace: Backtrace:
	Microsoft::Applications::Events::EventProperty::EventProperty [0x00007FF7DD168BE2+38674]
	Microsoft::Applications::Events::GUID_t::GUID_t [0x00007FF7DCDAEED3+937379]
	Microsoft::Applications::Events::GUID_t::GUID_t [0x00007FF7DCDD91A7+1110135]
	Microsoft::Applications::Events::GUID_t::GUID_t [0x00007FF7DCDD58FE+1095630]
	Microsoft::Applications::Events::GUID_t::GUID_t [0x00007FF7DCDCED46+1068054]
	Microsoft::Applications::Events::GUID_t::GUID_t [0x00007FF7DCE09F31+1310209]
	Microsoft::Applications::Events::GUID_t::GUID_t [0x00007FF7DCE0521F+1290479]
	Microsoft::Applications::Events::GUID_t::GUID_t [0x00007FF7DCDDAFCF+1117855]
	Microsoft::Applications::Events::GUID_t::GUID_t [0x00007FF7DCDDC0CF+1122207]
	Ordinal0 [0x00007FF7DCBF6641+91713]
	Microsoft::Applications::Events::GUID_t::GUID_t [0x00007FF7DCEA7536+1954822]
	Microsoft::Applications::Events::EventProperty::EventProperty [0x00007FF7DD075A49+4121]
	Microsoft::Applications::Events::GUID_t::GUID_t [0x00007FF7DCEA90B9+1961865]
	Microsoft::Applications::Events::EventProperty::EventProperty [0x00007FF7DD145468+50728]
	Microsoft::Applications::Events::EventProperty::EventProperty [0x00007FF7DD144FE4+49572]
	Microsoft::Applications::Events::EventProperty::EventProperty [0x00007FF7DD144E36+49142]
	Microsoft::Applications::Events::DebugEventDispatcher::operator= [0x00007FF7DD11371C+6348]
	BaseThreadInitThunk [0x00007FFD6B3D7034+20]
	RtlUserThreadStart [0x00007FFD6C2E2651+33]

	at sun.reflect.NativeConstructorAccessorImpl.newInstance0(Native Method)
	at sun.reflect.NativeConstructorAccessorImpl.newInstance(Unknown Source)
	at sun.reflect.DelegatingConstructorAccessorImpl.newInstance(Unknown Source)
	at java.lang.reflect.Constructor.newInstance(Unknown Source)
	at org.openqa.selenium.remote.W3CHandshakeResponse.lambda$errorHandler$0(W3CHandshakeResponse.java:62)
	at org.openqa.selenium.remote.HandshakeResponse.lambda$getResponseFunction$0(HandshakeResponse.java:30)
	at org.openqa.selenium.remote.ProtocolHandshake.lambda$createSession$0(ProtocolHandshake.java:126)
	at java.util.stream.ReferencePipeline$3$1.accept(Unknown Source)
	at java.util.Spliterators$ArraySpliterator.tryAdvance(Unknown Source)
	at java.util.stream.ReferencePipeline.forEachWithCancel(Unknown Source)
	at java.util.stream.AbstractPipeline.copyIntoWithCancel(Unknown Source)
	at java.util.stream.AbstractPipeline.copyInto(Unknown Source)
	at java.util.stream.AbstractPipeline.wrapAndCopyInto(Unknown Source)
	at java.util.stream.FindOps$FindOp.evaluateSequential(Unknown Source)
	at java.util.stream.AbstractPipeline.evaluate(Unknown Source)
	at java.util.stream.ReferencePipeline.findFirst(Unknown Source)
	at org.openqa.selenium.remote.ProtocolHandshake.createSession(ProtocolHandshake.java:128)
	at org.openqa.selenium.remote.ProtocolHandshake.createSession(ProtocolHandshake.java:74)
	at org.openqa.selenium.remote.HttpCommandExecutor.execute(HttpCommandExecutor.java:136)
	at org.openqa.selenium.remote.service.DriverCommandExecutor.execute(DriverCommandExecutor.java:83)
	at org.openqa.selenium.remote.RemoteWebDriver.execute(RemoteWebDriver.java:552)
	at org.openqa.selenium.remote.RemoteWebDriver.startSession(RemoteWebDriver.java:213)
	at org.openqa.selenium.remote.RemoteWebDriver.&lt;init&gt;(RemoteWebDriver.java:131)
	at org.openqa.selenium.edge.EdgeDriver.&lt;init&gt;(EdgeDriver.java:141)
	at org.openqa.selenium.edge.EdgeDriver.&lt;init&gt;(EdgeDriver.java:96)
	at com.qa.TestNGScripts.CrossBrowserTest.OpenBrowser(CrossBrowserTest.java:37)
	at sun.reflect.NativeMethodAccessorImpl.invoke0(Native Method)
	at sun.reflect.NativeMethodAccessorImpl.invoke(Unknown Source)
	at sun.reflect.DelegatingMethodAccessorImpl.invoke(Unknown Source)
	at java.lang.reflect.Method.invoke(Unknown Source)
	at org.testng.internal.MethodInvocationHelper.invokeMethod(MethodInvocationHelper.java:124)
	at org.testng.internal.MethodInvocationHelper.invokeMethodConsideringTimeout(MethodInvocationHelper.java:59)
	at org.testng.internal.Invoker.invokeConfigurationMethod(Invoker.java:458)
	at org.testng.internal.Invoker.invokeConfigurations(Invoker.java:222)
	at org.testng.internal.Invoker.invokeConfigurations(Invoker.java:142)
	at org.testng.internal.TestMethodWorker.invokeBeforeClassMethods(TestMethodWorker.java:168)
	at org.testng.internal.TestMethodWorker.run(TestMethodWorker.java:105)
	at org.testng.TestRunner.privateRun(TestRunner.java:648)
	at org.testng.TestRunner.run(TestRunner.java:505)
	at org.testng.SuiteRunner.runTest(SuiteRunner.java:455)
	at org.testng.SuiteRunner.runSequentially(SuiteRunner.java:450)
	at org.testng.SuiteRunner.privateRun(SuiteRunner.java:415)
	at org.testng.SuiteRunner.run(SuiteRunner.java:364)
	at org.testng.SuiteRunnerWorker.runSuite(SuiteRunnerWorker.java:52)
	at org.testng.SuiteRunnerWorker.run(SuiteRunnerWorker.java:84)
	at org.testng.TestNG.runSuitesSequentially(TestNG.java:1208)
	at org.testng.TestNG.runSuitesLocally(TestNG.java:1137)
	at org.testng.TestNG.runSuites(TestNG.java:1049)
	at org.testng.TestNG.run(TestNG.java:1017)
	at org.testng.remote.AbstractRemoteTestNG.run(AbstractRemoteTestNG.java:114)
	at org.testng.remote.RemoteTestNG.initAndRun(RemoteTestNG.java:251)
	at org.testng.remote.RemoteTestNG.main(RemoteTestNG.java:77)
</pre></div></td>
<td>15</td>
<td>com.qa.TestNGScripts.CrossBrowserTest@cb5822</td></tr>
</table><p>
<table width='100%' border='1' class='invocation-skipped'>
<tr><td colspan='4' align='center'><b>SKIPPED TESTS</b></td></tr>
<tr><td><b>Test method</b></td>
<td width="30%"><b>Exception</b></td>
<td width="10%"><b>Time (seconds)</b></td>
<td><b>Instance</b></td>
</tr>
<tr>
<td title='com.qa.TestNGScripts.CrossBrowserTest.TestWikiHomePage()'><b>TestWikiHomePage</b><br>Test class: com.qa.TestNGScripts.CrossBrowserTest</td>
<td><div><pre>org.openqa.selenium.SessionNotCreatedException: session not created: This version of MSEdgeDriver only supports MSEdge version 94
Current browser version is 92.0.902.73 with binary path C:\Program Files (x86)\Microsoft\Edge\Application\msedge.exe
Build info: version: &apos;3.141.59&apos;, revision: &apos;e82be7d358&apos;, time: &apos;2018-11-14T08:17:03&apos;
System info: host: &apos;LAPTOP-N0G0NBDP&apos;, ip: &apos;192.168.1.2&apos;, os.name: &apos;Windows 10&apos;, os.arch: &apos;x86&apos;, os.version: &apos;10.0&apos;, java.version: &apos;1.8.0_191&apos;
Driver info: driver.version: EdgeDriver
remote stacktrace: Backtrace:
	Microsoft::Applications::Events::EventProperty::EventProperty [0x00007FF7DD168BE2+38674]
	Microsoft::Applications::Events::GUID_t::GUID_t [0x00007FF7DCDAEED3+937379]
	Microsoft::Applications::Events::GUID_t::GUID_t [0x00007FF7DCDD91A7+1110135]
	Microsoft::Applications::Events::GUID_t::GUID_t [0x00007FF7DCDD58FE+1095630]
	Microsoft::Applications::Events::GUID_t::GUID_t [0x00007FF7DCDCED46+1068054]
	Microsoft::Applications::Events::GUID_t::GUID_t [0x00007FF7DCE09F31+1310209]
	Microsoft::Applications::Events::GUID_t::GUID_t [0x00007FF7DCE0521F+1290479]
	Microsoft::Applications::Events::GUID_t::GUID_t [0x00007FF7DCDDAFCF+1117855]
	Microsoft::Applications::Events::GUID_t::GUID_t [0x00007FF7DCDDC0CF+1122207]
	Ordinal0 [0x00007FF7DCBF6641+91713]
	Microsoft::Applications::Events::GUID_t::GUID_t [0x00007FF7DCEA7536+1954822]
	Microsoft::Applications::Events::EventProperty::EventProperty [0x00007FF7DD075A49+4121]
	Microsoft::Applications::Events::GUID_t::GUID_t [0x00007FF7DCEA90B9+1961865]
	Microsoft::Applications::Events::EventProperty::EventProperty [0x00007FF7DD145468+50728]
	Microsoft::Applications::Events::EventProperty::EventProperty [0x00007FF7DD144FE4+49572]
	Microsoft::Applications::Events::EventProperty::EventProperty [0x00007FF7DD144E36+49142]
	Microsoft::Applications::Events::DebugEventDispatcher::operator= [0x00007FF7DD11371C+6348]
	BaseThreadInitThunk [0x00007FFD6B3D7034+20]
	RtlUserThreadStart [0x00007FFD6C2E2651+33]

	at org.openqa.selenium.remote.W3CHandshakeResponse.lambda$errorHandler$0(W3CHandshakeResponse.java:62)
	at org.openqa.selenium.remote.HandshakeResponse.lambda$getResponseFunction$0(HandshakeResponse.java:30)
	at org.openqa.selenium.remote.ProtocolHandshake.lambda$createSession$0(ProtocolHandshake.java:126)
	at java.util.stream.ReferencePipeline$3$1.accept(Unknown Source)
	at java.util.Spliterators$ArraySpliterator.tryAdvance(Unknown Source)
	at java.util.stream.ReferencePipeline.forEachWithCancel(Unknown Source)
	at java.util.stream.AbstractPipeline.copyIntoWithCancel(Unknown Source)
	at java.util.stream.AbstractPipeline.copyInto(Unknown Source)
	at java.util.stream.AbstractPipeline.wrapAndCopyInto(Unknown Source)
	at java.util.stream.FindOps$FindOp.evaluateSequential(Unknown Source)
	at java.util.stream.AbstractPipeline.evaluate(Unknown Source)
	at java.util.stream.ReferencePipeline.findFirst(Unknown Source)
	at org.openqa.selenium.remote.ProtocolHandshake.createSession(ProtocolHandshake.java:128)
	at org.openqa.selenium.remote.ProtocolHandshake.createSession(ProtocolHandshake.java:74)
	at org.openqa.selenium.remote.HttpCommandExecutor.execute(HttpCommandExecutor.java:136)
	at org.openqa.selenium.remote.service.DriverCommandExecutor.execute(DriverCommandExecutor.java:83)
	at org.openqa.selenium.remote.RemoteWebDriver.execute(RemoteWebDriver.java:552)
	at org.openqa.selenium.remote.RemoteWebDriver.startSession(RemoteWebDriver.java:213)
	at org.openqa.selenium.remote.RemoteWebDriver.&lt;init&gt;(RemoteWebDriver.java:131)
	at org.openqa.selenium.edge.EdgeDriver.&lt;init&gt;(EdgeDriver.java:141)
	at org.openqa.selenium.edge.EdgeDriver.&lt;init&gt;(EdgeDriver.java:96)
	at com.qa.TestNGScripts.CrossBrowserTest.OpenBrowser(CrossBrowserTest.java:37)
... Removed 30 stack frames</pre></div><a href='#' onClick='toggleBox("stack-trace25187375", this, "Click to show all stack frames", "Click to hide stack frames")'>Click to show all stack frames</a>
<div class='stack-trace' id='stack-trace25187375'><pre>org.openqa.selenium.SessionNotCreatedException: session not created: This version of MSEdgeDriver only supports MSEdge version 94
Current browser version is 92.0.902.73 with binary path C:\Program Files (x86)\Microsoft\Edge\Application\msedge.exe
Build info: version: &apos;3.141.59&apos;, revision: &apos;e82be7d358&apos;, time: &apos;2018-11-14T08:17:03&apos;
System info: host: &apos;LAPTOP-N0G0NBDP&apos;, ip: &apos;192.168.1.2&apos;, os.name: &apos;Windows 10&apos;, os.arch: &apos;x86&apos;, os.version: &apos;10.0&apos;, java.version: &apos;1.8.0_191&apos;
Driver info: driver.version: EdgeDriver
remote stacktrace: Backtrace:
	Microsoft::Applications::Events::EventProperty::EventProperty [0x00007FF7DD168BE2+38674]
	Microsoft::Applications::Events::GUID_t::GUID_t [0x00007FF7DCDAEED3+937379]
	Microsoft::Applications::Events::GUID_t::GUID_t [0x00007FF7DCDD91A7+1110135]
	Microsoft::Applications::Events::GUID_t::GUID_t [0x00007FF7DCDD58FE+1095630]
	Microsoft::Applications::Events::GUID_t::GUID_t [0x00007FF7DCDCED46+1068054]
	Microsoft::Applications::Events::GUID_t::GUID_t [0x00007FF7DCE09F31+1310209]
	Microsoft::Applications::Events::GUID_t::GUID_t [0x00007FF7DCE0521F+1290479]
	Microsoft::Applications::Events::GUID_t::GUID_t [0x00007FF7DCDDAFCF+1117855]
	Microsoft::Applications::Events::GUID_t::GUID_t [0x00007FF7DCDDC0CF+1122207]
	Ordinal0 [0x00007FF7DCBF6641+91713]
	Microsoft::Applications::Events::GUID_t::GUID_t [0x00007FF7DCEA7536+1954822]
	Microsoft::Applications::Events::EventProperty::EventProperty [0x00007FF7DD075A49+4121]
	Microsoft::Applications::Events::GUID_t::GUID_t [0x00007FF7DCEA90B9+1961865]
	Microsoft::Applications::Events::EventProperty::EventProperty [0x00007FF7DD145468+50728]
	Microsoft::Applications::Events::EventProperty::EventProperty [0x00007FF7DD144FE4+49572]
	Microsoft::Applications::Events::EventProperty::EventProperty [0x00007FF7DD144E36+49142]
	Microsoft::Applications::Events::DebugEventDispatcher::operator= [0x00007FF7DD11371C+6348]
	BaseThreadInitThunk [0x00007FFD6B3D7034+20]
	RtlUserThreadStart [0x00007FFD6C2E2651+33]

	at sun.reflect.NativeConstructorAccessorImpl.newInstance0(Native Method)
	at sun.reflect.NativeConstructorAccessorImpl.newInstance(Unknown Source)
	at sun.reflect.DelegatingConstructorAccessorImpl.newInstance(Unknown Source)
	at java.lang.reflect.Constructor.newInstance(Unknown Source)
	at org.openqa.selenium.remote.W3CHandshakeResponse.lambda$errorHandler$0(W3CHandshakeResponse.java:62)
	at org.openqa.selenium.remote.HandshakeResponse.lambda$getResponseFunction$0(HandshakeResponse.java:30)
	at org.openqa.selenium.remote.ProtocolHandshake.lambda$createSession$0(ProtocolHandshake.java:126)
	at java.util.stream.ReferencePipeline$3$1.accept(Unknown Source)
	at java.util.Spliterators$ArraySpliterator.tryAdvance(Unknown Source)
	at java.util.stream.ReferencePipeline.forEachWithCancel(Unknown Source)
	at java.util.stream.AbstractPipeline.copyIntoWithCancel(Unknown Source)
	at java.util.stream.AbstractPipeline.copyInto(Unknown Source)
	at java.util.stream.AbstractPipeline.wrapAndCopyInto(Unknown Source)
	at java.util.stream.FindOps$FindOp.evaluateSequential(Unknown Source)
	at java.util.stream.AbstractPipeline.evaluate(Unknown Source)
	at java.util.stream.ReferencePipeline.findFirst(Unknown Source)
	at org.openqa.selenium.remote.ProtocolHandshake.createSession(ProtocolHandshake.java:128)
	at org.openqa.selenium.remote.ProtocolHandshake.createSession(ProtocolHandshake.java:74)
	at org.openqa.selenium.remote.HttpCommandExecutor.execute(HttpCommandExecutor.java:136)
	at org.openqa.selenium.remote.service.DriverCommandExecutor.execute(DriverCommandExecutor.java:83)
	at org.openqa.selenium.remote.RemoteWebDriver.execute(RemoteWebDriver.java:552)
	at org.openqa.selenium.remote.RemoteWebDriver.startSession(RemoteWebDriver.java:213)
	at org.openqa.selenium.remote.RemoteWebDriver.&lt;init&gt;(RemoteWebDriver.java:131)
	at org.openqa.selenium.edge.EdgeDriver.&lt;init&gt;(EdgeDriver.java:141)
	at org.openqa.selenium.edge.EdgeDriver.&lt;init&gt;(EdgeDriver.java:96)
	at com.qa.TestNGScripts.CrossBrowserTest.OpenBrowser(CrossBrowserTest.java:37)
	at sun.reflect.NativeMethodAccessorImpl.invoke0(Native Method)
	at sun.reflect.NativeMethodAccessorImpl.invoke(Unknown Source)
	at sun.reflect.DelegatingMethodAccessorImpl.invoke(Unknown Source)
	at java.lang.reflect.Method.invoke(Unknown Source)
	at org.testng.internal.MethodInvocationHelper.invokeMethod(MethodInvocationHelper.java:124)
	at org.testng.internal.MethodInvocationHelper.invokeMethodConsideringTimeout(MethodInvocationHelper.java:59)
	at org.testng.internal.Invoker.invokeConfigurationMethod(Invoker.java:458)
	at org.testng.internal.Invoker.invokeConfigurations(Invoker.java:222)
	at org.testng.internal.Invoker.invokeConfigurations(Invoker.java:142)
	at org.testng.internal.TestMethodWorker.invokeBeforeClassMethods(TestMethodWorker.java:168)
	at org.testng.internal.TestMethodWorker.run(TestMethodWorker.java:105)
	at org.testng.TestRunner.privateRun(TestRunner.java:648)
	at org.testng.TestRunner.run(TestRunner.java:505)
	at org.testng.SuiteRunner.runTest(SuiteRunner.java:455)
	at org.testng.SuiteRunner.runSequentially(SuiteRunner.java:450)
	at org.testng.SuiteRunner.privateRun(SuiteRunner.java:415)
	at org.testng.SuiteRunner.run(SuiteRunner.java:364)
	at org.testng.SuiteRunnerWorker.runSuite(SuiteRunnerWorker.java:52)
	at org.testng.SuiteRunnerWorker.run(SuiteRunnerWorker.java:84)
	at org.testng.TestNG.runSuitesSequentially(TestNG.java:1208)
	at org.testng.TestNG.runSuitesLocally(TestNG.java:1137)
	at org.testng.TestNG.runSuites(TestNG.java:1049)
	at org.testng.TestNG.run(TestNG.java:1017)
	at org.testng.remote.AbstractRemoteTestNG.run(AbstractRemoteTestNG.java:114)
	at org.testng.remote.RemoteTestNG.initAndRun(RemoteTestNG.java:251)
	at org.testng.remote.RemoteTestNG.main(RemoteTestNG.java:77)
</pre></div></td>
<td>0</td>
<td>com.qa.TestNGScripts.CrossBrowserTest@cb5822</td></tr>
</table><p>
</body>
</html>